2025-01-14 14:59:01.891618: I tensorflow/core/util/port.cc:153] oneDNN custom operations are on. You may see slightly different numerical results due to floating-point round-off errors from different computation orders. To turn them off, set the environment variable `TF_ENABLE_ONEDNN_OPTS=0`.
2025-01-14 14:59:01.896158: I external/local_xla/xla/tsl/cuda/cudart_stub.cc:32] Could not find cuda drivers on your machine, GPU will not be used.
2025-01-14 14:59:02.120111: I external/local_xla/xla/tsl/cuda/cudart_stub.cc:32] Could not find cuda drivers on your machine, GPU will not be used.
2025-01-14 14:59:02.178241: E external/local_xla/xla/stream_executor/cuda/cuda_fft.cc:477] Unable to register cuFFT factory: Attempting to register factory for plugin cuFFT when one has already been registered
WARNING: All log messages before absl::InitializeLog() is called are written to STDERR
E0000 00:00:1736884742.199486 2265831 cuda_dnn.cc:8310] Unable to register cuDNN factory: Attempting to register factory for plugin cuDNN when one has already been registered
E0000 00:00:1736884742.220441 2265831 cuda_blas.cc:1418] Unable to register cuBLAS factory: Attempting to register factory for plugin cuBLAS when one has already been registered
2025-01-14 14:59:02.304287: I tensorflow/core/platform/cpu_feature_guard.cc:210] This TensorFlow binary is optimized to use available CPU instructions in performance-critical operations.
To enable the following instructions: AVX2 AVX512F AVX512_VNNI FMA, in other operations, rebuild TensorFlow with the appropriate compiler flags.
TBB Warning: The number of workers is currently limited to 47. The request for 55 workers is ignored. Further requests for more workers will be silently ignored until the limit changes.

Analysis for OTU
                RF_Accuracy   RF_AUC   SVM_Accuracy   SVM_AUC  CatBoost_Accuracy  CatBoost_AUC  NB_Accuracy   NB_AUC 
AllFeatures      0.861667    0.894048    0.782500    0.889286      0.795000         0.887698     0.718333    0.744643
SelectMicro      0.835000    0.921429    0.846667    0.909127      0.811667         0.895635     0.769167    0.905952
Lasso            0.848333    0.931746    0.885000    0.910714      0.822500         0.891667     0.757500    0.826984
Lasso_finetune   0.795000    0.902381    0.822500    0.898810      0.795833         0.898016     0.795833    0.925397
                         Accuracy  Precision   Recall   Specification     Mcc  
AllFeatures_RF           0.858974  0.875000   0.800000    0.906977     0.714857
AllFeatures_SVM          0.782051  0.781250   0.714286    0.837209     0.557643
AllFeatures_CatBoost     0.794872  0.806452   0.714286    0.860465     0.584142
AllFeatures_NB           0.717949  0.658537   0.771429    0.674419     0.444080
SelectMicro_RF           0.833333  0.866667   0.742857    0.906977     0.664338
SelectMicro_SVM          0.846154  0.848485   0.800000    0.883721     0.688310
SelectMicro_CatBoost     0.807692  0.812500   0.742857    0.860465     0.610048
SelectMicro_NB           0.769231  0.814815   0.628571    0.883721     0.535574
Lasso_RF                 0.846154  0.870968   0.771429    0.906977     0.689490
Lasso_SVM                0.884615  0.861111   0.885714    0.883721     0.767652
Lasso_CatBoost           0.820513  0.818182   0.771429    0.860465     0.636135
Lasso_NB                 0.756410  0.807692   0.600000    0.883721     0.510358
Lasso_finetune_RF        0.794872  0.806452   0.714286    0.860465     0.584142
Lasso_finetune_SVM       0.820513  0.862069   0.714286    0.906977     0.639361
Lasso_finetune_CatBoost  0.794872  0.806452   0.714286    0.860465     0.584142
Lasso_finetune_NB        0.794872  0.880000   0.628571    0.930233     0.595552
Analysis for class
                RF_Accuracy   RF_AUC   SVM_Accuracy   SVM_AUC  CatBoost_Accuracy  CatBoost_AUC  NB_Accuracy   NB_AUC 
AllFeatures      0.822500    0.907540    0.820833    0.890873      0.835000         0.890079     0.770000    0.828968
SelectMicro      0.809167    0.910317    0.833333    0.898016      0.833333         0.900397     0.770000    0.900794
Lasso            0.846667    0.923016    0.859167    0.933730      0.769167         0.922222     0.794167    0.875397
Lasso_finetune   0.846667    0.923016    0.859167    0.933730      0.769167         0.922222     0.794167    0.875397
                         Accuracy  Precision   Recall   Specification     Mcc  
AllFeatures_RF           0.820513  0.800000   0.800000    0.837209     0.637209
AllFeatures_SVM          0.820513  0.800000   0.800000    0.837209     0.637209
AllFeatures_CatBoost     0.833333  0.823529   0.800000    0.860465     0.662449
AllFeatures_NB           0.769231  0.688889   0.885714    0.674419     0.563892
SelectMicro_RF           0.807692  0.777778   0.800000    0.813953     0.612531
SelectMicro_SVM          0.833333  0.823529   0.800000    0.860465     0.662449
SelectMicro_CatBoost     0.833333  0.789474   0.857143    0.813953     0.667777
SelectMicro_NB           0.769231  0.688889   0.885714    0.674419     0.563892
Lasso_RF                 0.846154  0.828571   0.828571    0.860465     0.689037
Lasso_SVM                0.858974  0.833333   0.857143    0.860465     0.715945
Lasso_CatBoost           0.769231  0.742857   0.742857    0.790698     0.533555
Lasso_NB                 0.794872  0.756757   0.800000    0.790698     0.588357
Lasso_finetune_RF        0.846154  0.828571   0.828571    0.860465     0.689037
Lasso_finetune_SVM       0.858974  0.833333   0.857143    0.860465     0.715945
Lasso_finetune_CatBoost  0.769231  0.742857   0.742857    0.790698     0.533555
Lasso_finetune_NB        0.794872  0.756757   0.800000    0.790698     0.588357
Analysis for order
                RF_Accuracy   RF_AUC   SVM_Accuracy   SVM_AUC  CatBoost_Accuracy  CatBoost_AUC  NB_Accuracy   NB_AUC 
AllFeatures      0.848333    0.905754    0.820000    0.888492      0.872500         0.894444     0.744167    0.771230
SelectMicro      0.783333    0.904762    0.833333    0.904762      0.809167         0.917460     0.782500    0.897222
Lasso            0.847500    0.924206    0.846667    0.921032      0.846667         0.930556     0.859167    0.909722
Lasso_finetune   0.846667    0.936508    0.794167    0.886905      0.873333         0.880159     0.885000    0.947222
                         Accuracy  Precision   Recall   Specification     Mcc  
AllFeatures_RF           0.846154  0.828571   0.828571    0.860465     0.689037
AllFeatures_SVM          0.820513  0.818182   0.771429    0.860465     0.636135
AllFeatures_CatBoost     0.871795  0.857143   0.857143    0.883721     0.740864
AllFeatures_NB           0.743590  0.702703   0.742857    0.744186     0.485113
SelectMicro_RF           0.782051  0.764706   0.742857    0.813953     0.558483
SelectMicro_SVM          0.833333  0.823529   0.800000    0.860465     0.662449
SelectMicro_CatBoost     0.807692  0.794118   0.771429    0.837209     0.610466
SelectMicro_NB           0.782051  0.695652   0.914286    0.674419     0.595267
Lasso_RF                 0.846154  0.848485   0.800000    0.883721     0.688310
Lasso_SVM                0.846154  0.828571   0.828571    0.860465     0.689037
Lasso_CatBoost           0.846154  0.848485   0.800000    0.883721     0.688310
Lasso_NB                 0.858974  0.833333   0.857143    0.860465     0.715945
Lasso_finetune_RF        0.846154  0.828571   0.828571    0.860465     0.689037
Lasso_finetune_SVM       0.794872  0.806452   0.714286    0.860465     0.584142
Lasso_finetune_CatBoost  0.871795  0.857143   0.857143    0.883721     0.740864
Lasso_finetune_NB        0.884615  0.842105   0.914286    0.860465     0.770919
Analysis for phylum
                RF_Accuracy   RF_AUC   SVM_Accuracy   SVM_AUC  CatBoost_Accuracy  CatBoost_AUC  NB_Accuracy   NB_AUC 
AllFeatures      0.770000    0.919048    0.770833    0.894841      0.807500         0.943651     0.705833    0.912302
SelectMicro      0.821667    0.920635    0.785000    0.900794      0.834167         0.931349     0.705833    0.909127
Lasso            0.834167    0.930952    0.872500    0.958730      0.848333         0.934524     0.718333    0.941270
Lasso_finetune   0.834167    0.930952    0.872500    0.958730      0.848333         0.934524     0.718333    0.941270
                         Accuracy  Precision   Recall   Specification     Mcc  
AllFeatures_RF           0.769231  0.729730   0.771429    0.767442     0.536735
AllFeatures_SVM          0.769231  0.757576   0.714286    0.813953     0.531784
AllFeatures_CatBoost     0.807692  0.777778   0.800000    0.813953     0.612531
AllFeatures_NB           0.705128  0.607143   0.971429    0.488372     0.508197
SelectMicro_RF           0.820513  0.769231   0.857143    0.790698     0.644424
SelectMicro_SVM          0.782051  0.750000   0.771429    0.790698     0.560824
SelectMicro_CatBoost     0.833333  0.805556   0.828571    0.837209     0.664238
SelectMicro_NB           0.705128  0.607143   0.971429    0.488372     0.508197
Lasso_RF                 0.833333  0.805556   0.828571    0.837209     0.664238
Lasso_SVM                0.871795  0.857143   0.857143    0.883721     0.740864
Lasso_CatBoost           0.846154  0.810811   0.857143    0.837209     0.691600
Lasso_NB                 0.717949  0.614035   1.000000    0.488372     0.547611
Lasso_finetune_RF        0.833333  0.805556   0.828571    0.837209     0.664238
Lasso_finetune_SVM       0.871795  0.857143   0.857143    0.883721     0.740864
Lasso_finetune_CatBoost  0.846154  0.810811   0.857143    0.837209     0.691600
Lasso_finetune_NB        0.717949  0.614035   1.000000    0.488372     0.547611
This is the result of add NB and CatBoost, while the dataset is the same with the version before Jan 4
