Analysis for OTU
                RF_Accuracy    RF_AUC  SVM_Accuracy   SVM_AUC
AllFeatures        0.861667  0.894048      0.550833  0.451587
SelectMicro        0.835000  0.921429      0.550833  0.451587
Lasso              0.848333  0.931746      0.550833  0.438095
Lasso_finetune     0.795000  0.902381      0.550833  0.469841
Random             0.555972  0.506508      0.550833  0.498565
Analysis for class
                RF_Accuracy    RF_AUC  SVM_Accuracy   SVM_AUC
AllFeatures        0.822500  0.907540      0.680833  0.679762
SelectMicro        0.809167  0.910317      0.680833  0.676190
Lasso              0.846667  0.923016      0.641667  0.495635
Lasso_finetune     0.846667  0.923016      0.641667  0.495635
Random             0.719000  0.785714      0.560306  0.387963
Analysis for order
                RF_Accuracy    RF_AUC  SVM_Accuracy   SVM_AUC
AllFeatures        0.848333  0.905754      0.655000  0.495238
SelectMicro        0.783333  0.904762      0.655000  0.501587
Lasso              0.847500  0.924206      0.641667  0.508730
Lasso_finetune     0.846667  0.936508      0.602500  0.514286
Random             0.660778  0.698472      0.557722  0.441528
Analysis for phylum
                RF_Accuracy    RF_AUC  SVM_Accuracy   SVM_AUC
AllFeatures        0.770000  0.919048      0.550833  0.470238
SelectMicro        0.821667  0.920635      0.550833  0.480754
Lasso              0.834167  0.930952      0.550833  0.412302
Lasso_finetune     0.834167  0.930952      0.550833  0.412302
Random             0.717667  0.796858      0.550833  0.412844
