2025-01-17 02:26:12.631242: I tensorflow/core/util/port.cc:153] oneDNN custom operations are on. You may see slightly different numerical results due to floating-point round-off errors from different computation orders. To turn them off, set the environment variable `TF_ENABLE_ONEDNN_OPTS=0`.
2025-01-17 02:26:12.634990: I external/local_xla/xla/tsl/cuda/cudart_stub.cc:32] Could not find cuda drivers on your machine, GPU will not be used.
2025-01-17 02:26:12.847888: I external/local_xla/xla/tsl/cuda/cudart_stub.cc:32] Could not find cuda drivers on your machine, GPU will not be used.
2025-01-17 02:26:12.916758: E external/local_xla/xla/stream_executor/cuda/cuda_fft.cc:477] Unable to register cuFFT factory: Attempting to register factory for plugin cuFFT when one has already been registered
WARNING: All log messages before absl::InitializeLog() is called are written to STDERR
E0000 00:00:1737098772.937380 3092483 cuda_dnn.cc:8310] Unable to register cuDNN factory: Attempting to register factory for plugin cuDNN when one has already been registered
E0000 00:00:1737098772.957423 3092483 cuda_blas.cc:1418] Unable to register cuBLAS factory: Attempting to register factory for plugin cuBLAS when one has already been registered
2025-01-17 02:26:13.018265: I tensorflow/core/platform/cpu_feature_guard.cc:210] This TensorFlow binary is optimized to use available CPU instructions in performance-critical operations.
To enable the following instructions: AVX2 AVX512F AVX512_VNNI FMA, in other operations, rebuild TensorFlow with the appropriate compiler flags.
TBB Warning: The number of workers is currently limited to 47. The request for 55 workers is ignored. Further requests for more workers will be silently ignored until the limit changes.

Analysis for OTU
            RF_Accuracy   RF_AUC   SVM_Accuracy   SVM_AUC  CatBoost_Accuracy  CatBoost_AUC  NB_Accuracy   NB_AUC 
Allfeature   0.861667    0.894048    0.782500    0.889286       0.7950          0.887698     0.718333    0.744643
AE           0.795000    0.875595    0.808333    0.861111       0.8075          0.870635     0.604167    0.749206
                     Accuracy  Precision   Recall   Specification     Mcc  
Allfeature_RF        0.858974  0.875000   0.800000    0.906977     0.714857
Allfeature_SVM       0.782051  0.781250   0.714286    0.837209     0.557643
Allfeature_CatBoost  0.794872  0.806452   0.714286    0.860465     0.584142
Allfeature_NB        0.717949  0.658537   0.771429    0.674419     0.444080
AE_RF                0.794872  0.787879   0.742857    0.837209     0.583960
AE_SVM               0.807692  0.812500   0.742857    0.860465     0.610048
AE_CatBoost          0.807692  0.794118   0.771429    0.837209     0.610466
AE_NB                0.602564  0.538462   0.800000    0.441860     0.255179
Analysis for class
            RF_Accuracy   RF_AUC   SVM_Accuracy   SVM_AUC  CatBoost_Accuracy  CatBoost_AUC  NB_Accuracy   NB_AUC 
Allfeature   0.822500    0.907540    0.820833    0.890873      0.835000         0.890079      0.7700     0.828968
AE           0.808333    0.890278    0.820000    0.888095      0.795833         0.894048      0.8075     0.862698
                     Accuracy  Precision   Recall   Specification     Mcc  
Allfeature_RF        0.820513  0.800000   0.800000    0.837209     0.637209
Allfeature_SVM       0.820513  0.800000   0.800000    0.837209     0.637209
Allfeature_CatBoost  0.833333  0.823529   0.800000    0.860465     0.662449
Allfeature_NB        0.769231  0.688889   0.885714    0.674419     0.563892
AE_RF                0.807692  0.812500   0.742857    0.860465     0.610048
AE_SVM               0.820513  0.818182   0.771429    0.860465     0.636135
AE_CatBoost          0.794872  0.771429   0.771429    0.813953     0.585382
AE_NB                0.807692  0.833333   0.714286    0.883721     0.611354
Analysis for order
            RF_Accuracy   RF_AUC   SVM_Accuracy   SVM_AUC  CatBoost_Accuracy  CatBoost_AUC  NB_Accuracy   NB_AUC 
Allfeature   0.848333    0.905754      0.820     0.888492      0.872500         0.894444     0.744167    0.771230
AE           0.820833    0.883333      0.795     0.887698      0.769167         0.872222     0.692500    0.780357
                     Accuracy  Precision   Recall   Specification     Mcc  
Allfeature_RF        0.846154  0.828571   0.828571    0.860465     0.689037
Allfeature_SVM       0.820513  0.818182   0.771429    0.860465     0.636135
Allfeature_CatBoost  0.871795  0.857143   0.857143    0.883721     0.740864
Allfeature_NB        0.743590  0.702703   0.742857    0.744186     0.485113
AE_RF                0.820513  0.800000   0.800000    0.837209     0.637209
AE_SVM               0.794872  0.787879   0.742857    0.837209     0.583960
AE_CatBoost          0.769231  0.774194   0.685714    0.837209     0.531467
AE_NB                0.692308  0.627907   0.771429    0.627907     0.399336
Analysis for phylum
            RF_Accuracy   RF_AUC   SVM_Accuracy   SVM_AUC  CatBoost_Accuracy  CatBoost_AUC  NB_Accuracy   NB_AUC 
Allfeature   0.770000    0.919048    0.770833    0.894841      0.807500         0.943651     0.705833    0.912302
AE           0.873333    0.930754    0.758333    0.882143      0.833333         0.939683     0.732500    0.866667
                     Accuracy  Precision   Recall   Specification     Mcc  
Allfeature_RF        0.769231  0.729730   0.771429    0.767442     0.536735
Allfeature_SVM       0.769231  0.757576   0.714286    0.813953     0.531784
Allfeature_CatBoost  0.807692  0.777778   0.800000    0.813953     0.612531
Allfeature_NB        0.705128  0.607143   0.971429    0.488372     0.508197
AE_RF                0.871795  0.837838   0.885714    0.860465     0.743222
AE_SVM               0.756410  0.766667   0.657143    0.837209     0.505386
AE_CatBoost          0.833333  0.805556   0.828571    0.837209     0.664238
AE_NB                0.730769  0.684211   0.742857    0.720930     0.461493
This is the result of PMI_AEdata, using  the updated function and the added models
