2025-04-08 00:35:39.868401: I tensorflow/core/util/port.cc:153] oneDNN custom operations are on. You may see slightly different numerical results due to floating-point round-off errors from different computation orders. To turn them off, set the environment variable `TF_ENABLE_ONEDNN_OPTS=0`.
2025-04-08 00:35:39.870821: I external/local_xla/xla/tsl/cuda/cudart_stub.cc:32] Could not find cuda drivers on your machine, GPU will not be used.
2025-04-08 00:35:39.874592: I external/local_xla/xla/tsl/cuda/cudart_stub.cc:32] Could not find cuda drivers on your machine, GPU will not be used.
2025-04-08 00:35:39.884226: E external/local_xla/xla/stream_executor/cuda/cuda_fft.cc:477] Unable to register cuFFT factory: Attempting to register factory for plugin cuFFT when one has already been registered
WARNING: All log messages before absl::InitializeLog() is called are written to STDERR
E0000 00:00:1744086939.898923 4076796 cuda_dnn.cc:8310] Unable to register cuDNN factory: Attempting to register factory for plugin cuDNN when one has already been registered
E0000 00:00:1744086939.903383 4076796 cuda_blas.cc:1418] Unable to register cuBLAS factory: Attempting to register factory for plugin cuBLAS when one has already been registered
2025-04-08 00:35:39.919858: I tensorflow/core/platform/cpu_feature_guard.cc:210] This TensorFlow binary is optimized to use available CPU instructions in performance-critical operations.
To enable the following instructions: AVX2 AVX512F AVX512_VNNI FMA, in other operations, rebuild TensorFlow with the appropriate compiler flags.
disease
CRC        91
healthy    66
adenoma    42
Name: count, dtype: int64
/lustre/isaac24/scratch/mhe8/myenv/lib/python3.12/site-packages/sklearn/linear_model/_coordinate_descent.py:695: ConvergenceWarning: Objective did not converge. You might want to increase the number of iterations, check the scale of the features or consider increasing regularisation. Duality gap: 4.490e-02, tolerance: 1.144e-02
  model = cd_fast.enet_coordinate_descent(
Best alpha: 0.1
Best alpha: 0.01
The shape of the original dataset is  (199, 1585)
The shape of the SelectMicro dataset is  (199, 34)
The shape of the Lasso_finetune selected dataset is  (199, 19)
The shape of the FS_Lasso_finetune selected dataset is  (199, 20)
5 fold cross validation using Random forest model -----------------------------------------
Analysis for AllFeatures
The combined confusion matrix
[[33 11 22]
 [18  6 18]
 [21 12 58]]
Mean Accuracy: 0.487 (0.109),Mean F1: 0.472 (0.095),Mean MCC: 0.165 (0.173),  Mean AUC: 0.643 (0.064)
Saved ROC curve to: /lustre/isaac24/scratch/mhe8/SelectMicro_24/Analysis/Zeller/result/AllFeatures_RF_ROC_class1.png
Saved SHAP to: /lustre/isaac24/scratch/mhe8/SelectMicro_24/Analysis/Zeller/result/AllFeatures_RF_SHAP_class1.png
Saved ROC curve to: /lustre/isaac24/scratch/mhe8/SelectMicro_24/Analysis/Zeller/result/AllFeatures_RF_ROC_class2.png
Saved SHAP to: /lustre/isaac24/scratch/mhe8/SelectMicro_24/Analysis/Zeller/result/AllFeatures_RF_SHAP_class2.png
Analysis for SelectMicro
The combined confusion matrix
[[37 14 15]
 [16 17  9]
 [19 13 59]]
Mean Accuracy: 0.567 (0.093),Mean F1: 0.569 (0.093),Mean MCC: 0.320 (0.148),  Mean AUC: 0.682 (0.094)
Saved ROC curve to: /lustre/isaac24/scratch/mhe8/SelectMicro_24/Analysis/Zeller/result/SelectMicro_RF_ROC_class1.png
Saved SHAP to: /lustre/isaac24/scratch/mhe8/SelectMicro_24/Analysis/Zeller/result/SelectMicro_RF_SHAP_class1.png
Saved ROC curve to: /lustre/isaac24/scratch/mhe8/SelectMicro_24/Analysis/Zeller/result/SelectMicro_RF_ROC_class2.png
Saved SHAP to: /lustre/isaac24/scratch/mhe8/SelectMicro_24/Analysis/Zeller/result/SelectMicro_RF_SHAP_class2.png
Analysis for Lasso_finetune
The combined confusion matrix
[[36 11 19]
 [18 12 12]
 [17  9 65]]
Mean Accuracy: 0.568 (0.080),Mean F1: 0.560 (0.081),Mean MCC: 0.300 (0.127),  Mean AUC: 0.670 (0.060)
Saved ROC curve to: /lustre/isaac24/scratch/mhe8/SelectMicro_24/Analysis/Zeller/result/Lasso_finetune_RF_ROC_class1.png
Saved SHAP to: /lustre/isaac24/scratch/mhe8/SelectMicro_24/Analysis/Zeller/result/Lasso_finetune_RF_SHAP_class1.png
Saved ROC curve to: /lustre/isaac24/scratch/mhe8/SelectMicro_24/Analysis/Zeller/result/Lasso_finetune_RF_ROC_class2.png
Saved SHAP to: /lustre/isaac24/scratch/mhe8/SelectMicro_24/Analysis/Zeller/result/Lasso_finetune_RF_SHAP_class2.png
Analysis for FS_Lassofinetune
The combined confusion matrix
[[34 13 19]
 [15 12 15]
 [20 15 56]]
Mean Accuracy: 0.512 (0.099),Mean F1: 0.509 (0.096),Mean MCC: 0.218 (0.157),  Mean AUC: 0.664 (0.085)
Saved ROC curve to: /lustre/isaac24/scratch/mhe8/SelectMicro_24/Analysis/Zeller/result/FS_Lassofinetune_RF_ROC_class1.png
Saved SHAP to: /lustre/isaac24/scratch/mhe8/SelectMicro_24/Analysis/Zeller/result/FS_Lassofinetune_RF_SHAP_class1.png
Saved ROC curve to: /lustre/isaac24/scratch/mhe8/SelectMicro_24/Analysis/Zeller/result/FS_Lassofinetune_RF_ROC_class2.png
Saved SHAP to: /lustre/isaac24/scratch/mhe8/SelectMicro_24/Analysis/Zeller/result/FS_Lassofinetune_RF_SHAP_class2.png
