2025-04-10 15:35:49.401708: I tensorflow/core/util/port.cc:153] oneDNN custom operations are on. You may see slightly different numerical results due to floating-point round-off errors from different computation orders. To turn them off, set the environment variable `TF_ENABLE_ONEDNN_OPTS=0`.
2025-04-10 15:35:49.404378: I external/local_xla/xla/tsl/cuda/cudart_stub.cc:32] Could not find cuda drivers on your machine, GPU will not be used.
2025-04-10 15:35:49.408195: I external/local_xla/xla/tsl/cuda/cudart_stub.cc:32] Could not find cuda drivers on your machine, GPU will not be used.
2025-04-10 15:35:49.417909: E external/local_xla/xla/stream_executor/cuda/cuda_fft.cc:477] Unable to register cuFFT factory: Attempting to register factory for plugin cuFFT when one has already been registered
WARNING: All log messages before absl::InitializeLog() is called are written to STDERR
E0000 00:00:1744313749.432722 2100552 cuda_dnn.cc:8310] Unable to register cuDNN factory: Attempting to register factory for plugin cuDNN when one has already been registered
E0000 00:00:1744313749.437239 2100552 cuda_blas.cc:1418] Unable to register cuBLAS factory: Attempting to register factory for plugin cuBLAS when one has already been registered
2025-04-10 15:35:49.454091: I tensorflow/core/platform/cpu_feature_guard.cc:210] This TensorFlow binary is optimized to use available CPU instructions in performance-critical operations.
To enable the following instructions: AVX2 AVX512F AVX512_VNNI FMA, in other operations, rebuild TensorFlow with the appropriate compiler flags.
disease
CRC        91
healthy    66
adenoma    42
Name: count, dtype: int64
/lustre/isaac24/scratch/mhe8/myenv/lib/python3.12/site-packages/sklearn/linear_model/_coordinate_descent.py:695: ConvergenceWarning: Objective did not converge. You might want to increase the number of iterations, check the scale of the features or consider increasing regularisation. Duality gap: 4.490e-02, tolerance: 1.144e-02
  model = cd_fast.enet_coordinate_descent(
Best alpha: 0.1
Best alpha: 0.01
Class mapping for gender:
female → 0
male → 1
Class mapping for country:
DEU → 0
FRA → 1
The shape of the SelectMicro dataset is  (199, 34)
The shape of the FS_subset is (199, 16)
the shape of the FS_env is (199, 37)
the shape of the FS_SUB_env is (199, 19)
     g__Ruminococcus  p__Bacteroidetes  p__Firmicutes  ...  age  gender  country
0           0.012221          0.024420       0.084757  ...   72       0        1
1           0.000000          0.093108       0.030740  ...   53       1        1
2           0.014144          0.014931       0.093310  ...   35       1        1
3           0.010762          0.066686       0.056785  ...   67       1        1
4           0.026553          0.028511       0.081342  ...   74       1        1
..               ...               ...            ...  ...  ...     ...      ...
194         0.000000          0.051677       0.053649  ...   34       1        0
195         0.000000          0.029326       0.061104  ...   30       1        0
196         0.000000          0.033049       0.088309  ...   34       1        0
197         0.000000          0.027977       0.067437  ...   37       1        0
198         0.000000          0.042150       0.079759  ...   49       1        0

[199 rows x 19 columns]
5 fold cross validation using Random forest model -----------------------------------------
Analysis for SelectMicro
The combined confusion matrix
[[37 14 15]
 [16 17  9]
 [19 13 59]]
Mean Accuracy: 0.567 (0.093),Mean F1: 0.569 (0.093),Mean MCC: 0.320 (0.148),  Mean AUC: 0.682 (0.094)
Saved ROC curve to: /lustre/isaac24/scratch/mhe8/SelectMicro_24/Analysis/Zeller/result/SelectMicro_subset_RF_ROC_class1.png
Saved SHAP to: /lustre/isaac24/scratch/mhe8/SelectMicro_24/Analysis/Zeller/result/SelectMicro_subset_RF_SHAP_class1.png
Saved ROC curve to: /lustre/isaac24/scratch/mhe8/SelectMicro_24/Analysis/Zeller/result/SelectMicro_subset_RF_ROC_class2.png
Saved SHAP to: /lustre/isaac24/scratch/mhe8/SelectMicro_24/Analysis/Zeller/result/SelectMicro_subset_RF_SHAP_class2.png
Analysis for SelectMicro_env
The combined confusion matrix
[[32 17 17]
 [16 19  7]
 [21  9 61]]
Mean Accuracy: 0.563 (0.089),Mean F1: 0.565 (0.085),Mean MCC: 0.316 (0.128),  Mean AUC: 0.743 (0.064)
Saved ROC curve to: /lustre/isaac24/scratch/mhe8/SelectMicro_24/Analysis/Zeller/result/SelectMicro_env_subset_RF_ROC_class1.png
Saved SHAP to: /lustre/isaac24/scratch/mhe8/SelectMicro_24/Analysis/Zeller/result/SelectMicro_env_subset_RF_SHAP_class1.png
Saved ROC curve to: /lustre/isaac24/scratch/mhe8/SelectMicro_24/Analysis/Zeller/result/SelectMicro_env_subset_RF_ROC_class2.png
Saved SHAP to: /lustre/isaac24/scratch/mhe8/SelectMicro_24/Analysis/Zeller/result/SelectMicro_env_subset_RF_SHAP_class2.png
Analysis for SelectMicro_subset
The combined confusion matrix
[[34 14 18]
 [12 15 15]
 [16 18 57]]
Mean Accuracy: 0.532 (0.103),Mean F1: 0.533 (0.100),Mean MCC: 0.263 (0.159),  Mean AUC: 0.660 (0.075)
Saved ROC curve to: /lustre/isaac24/scratch/mhe8/SelectMicro_24/Analysis/Zeller/result/SelectMicro_subset_subset_RF_ROC_class1.png
Saved SHAP to: /lustre/isaac24/scratch/mhe8/SelectMicro_24/Analysis/Zeller/result/SelectMicro_subset_subset_RF_SHAP_class1.png
Saved ROC curve to: /lustre/isaac24/scratch/mhe8/SelectMicro_24/Analysis/Zeller/result/SelectMicro_subset_subset_RF_ROC_class2.png
Saved SHAP to: /lustre/isaac24/scratch/mhe8/SelectMicro_24/Analysis/Zeller/result/SelectMicro_subset_subset_RF_SHAP_class2.png
Analysis for SelectMicro_subset_env
The combined confusion matrix
[[35 13 18]
 [14 20  8]
 [16  7 68]]
Mean Accuracy: 0.618 (0.079),Mean F1: 0.616 (0.079),Mean MCC: 0.391 (0.121),  Mean AUC: 0.746 (0.058)
Saved ROC curve to: /lustre/isaac24/scratch/mhe8/SelectMicro_24/Analysis/Zeller/result/SelectMicro_subset_env_subset_RF_ROC_class1.png
Saved SHAP to: /lustre/isaac24/scratch/mhe8/SelectMicro_24/Analysis/Zeller/result/SelectMicro_subset_env_subset_RF_SHAP_class1.png
Saved ROC curve to: /lustre/isaac24/scratch/mhe8/SelectMicro_24/Analysis/Zeller/result/SelectMicro_subset_env_subset_RF_ROC_class2.png
Saved SHAP to: /lustre/isaac24/scratch/mhe8/SelectMicro_24/Analysis/Zeller/result/SelectMicro_subset_env_subset_RF_SHAP_class2.png
5 fold cross validation using XG model -----------------------------------------
Analysis for SelectMicro
The combined confusion matrix
[[32 12 22]
 [18 12 12]
 [20 17 54]]
Mean Accuracy: 0.492 (0.121),Mean F1: 0.491 (0.117),Mean MCC: 0.195 (0.178),  Mean AUC: 0.634 (0.077)
Saved ROC curve to: /lustre/isaac24/scratch/mhe8/SelectMicro_24/Analysis/Zeller/result/SelectMicro_subset_XG_ROC_class1.png
Saved SHAP to: /lustre/isaac24/scratch/mhe8/SelectMicro_24/Analysis/Zeller/result/SelectMicro_subset_XG_SHAP_class1.png
Saved ROC curve to: /lustre/isaac24/scratch/mhe8/SelectMicro_24/Analysis/Zeller/result/SelectMicro_subset_XG_ROC_class2.png
Saved SHAP to: /lustre/isaac24/scratch/mhe8/SelectMicro_24/Analysis/Zeller/result/SelectMicro_subset_XG_SHAP_class2.png
Analysis for SelectMicro_env
The combined confusion matrix
[[39 11 16]
 [16 19  7]
 [15 11 65]]
Mean Accuracy: 0.618 (0.043),Mean F1: 0.619 (0.038),Mean MCC: 0.394 (0.061),  Mean AUC: 0.744 (0.029)
Saved ROC curve to: /lustre/isaac24/scratch/mhe8/SelectMicro_24/Analysis/Zeller/result/SelectMicro_env_subset_XG_ROC_class1.png
Saved SHAP to: /lustre/isaac24/scratch/mhe8/SelectMicro_24/Analysis/Zeller/result/SelectMicro_env_subset_XG_SHAP_class1.png
Saved ROC curve to: /lustre/isaac24/scratch/mhe8/SelectMicro_24/Analysis/Zeller/result/SelectMicro_env_subset_XG_ROC_class2.png
Saved SHAP to: /lustre/isaac24/scratch/mhe8/SelectMicro_24/Analysis/Zeller/result/SelectMicro_env_subset_XG_SHAP_class2.png
Analysis for SelectMicro_subset
The combined confusion matrix
[[37  7 22]
 [19 10 13]
 [19 15 57]]
Mean Accuracy: 0.522 (0.073),Mean F1: 0.514 (0.071),Mean MCC: 0.228 (0.107),  Mean AUC: 0.654 (0.073)
Saved ROC curve to: /lustre/isaac24/scratch/mhe8/SelectMicro_24/Analysis/Zeller/result/SelectMicro_subset_subset_XG_ROC_class1.png
Saved SHAP to: /lustre/isaac24/scratch/mhe8/SelectMicro_24/Analysis/Zeller/result/SelectMicro_subset_subset_XG_SHAP_class1.png
Saved ROC curve to: /lustre/isaac24/scratch/mhe8/SelectMicro_24/Analysis/Zeller/result/SelectMicro_subset_subset_XG_ROC_class2.png
Saved SHAP to: /lustre/isaac24/scratch/mhe8/SelectMicro_24/Analysis/Zeller/result/SelectMicro_subset_subset_XG_SHAP_class2.png
Analysis for SelectMicro_subset_env
The combined confusion matrix
[[37 13 16]
 [17 18  7]
 [14 11 66]]
Mean Accuracy: 0.608 (0.061),Mean F1: 0.609 (0.056),Mean MCC: 0.376 (0.090),  Mean AUC: 0.739 (0.033)
Saved ROC curve to: /lustre/isaac24/scratch/mhe8/SelectMicro_24/Analysis/Zeller/result/SelectMicro_subset_env_subset_XG_ROC_class1.png
Saved SHAP to: /lustre/isaac24/scratch/mhe8/SelectMicro_24/Analysis/Zeller/result/SelectMicro_subset_env_subset_XG_SHAP_class1.png
Saved ROC curve to: /lustre/isaac24/scratch/mhe8/SelectMicro_24/Analysis/Zeller/result/SelectMicro_subset_env_subset_XG_ROC_class2.png
Saved SHAP to: /lustre/isaac24/scratch/mhe8/SelectMicro_24/Analysis/Zeller/result/SelectMicro_subset_env_subset_XG_SHAP_class2.png
