2025-01-13 16:12:33.374047: I tensorflow/core/util/port.cc:153] oneDNN custom operations are on. You may see slightly different numerical results due to floating-point round-off errors from different computation orders. To turn them off, set the environment variable `TF_ENABLE_ONEDNN_OPTS=0`.
2025-01-13 16:12:33.377614: I external/local_xla/xla/tsl/cuda/cudart_stub.cc:32] Could not find cuda drivers on your machine, GPU will not be used.
2025-01-13 16:12:33.579227: I external/local_xla/xla/tsl/cuda/cudart_stub.cc:32] Could not find cuda drivers on your machine, GPU will not be used.
2025-01-13 16:12:33.640686: E external/local_xla/xla/stream_executor/cuda/cuda_fft.cc:477] Unable to register cuFFT factory: Attempting to register factory for plugin cuFFT when one has already been registered
WARNING: All log messages before absl::InitializeLog() is called are written to STDERR
E0000 00:00:1736802753.660108  428181 cuda_dnn.cc:8310] Unable to register cuDNN factory: Attempting to register factory for plugin cuDNN when one has already been registered
E0000 00:00:1736802753.679307  428181 cuda_blas.cc:1418] Unable to register cuBLAS factory: Attempting to register factory for plugin cuBLAS when one has already been registered
2025-01-13 16:12:33.735178: I tensorflow/core/platform/cpu_feature_guard.cc:210] This TensorFlow binary is optimized to use available CPU instructions in performance-critical operations.
To enable the following instructions: AVX2 AVX512F AVX512_VNNI FMA, in other operations, rebuild TensorFlow with the appropriate compiler flags.
TBB Warning: The number of workers is currently limited to 47. The request for 55 workers is ignored. Further requests for more workers will be silently ignored until the limit changes.

Random Forest
{'mean_accuracy': 0.796969696969697, 'mean_auc': 0.8796296296296298, 'y_true': ['No', 'No', 'No', 'Yes', 'Yes', 'Yes', 'Yes', 'Yes', 'No', 'Yes', 'Yes', 'Yes', 'No', 'Yes', 'Yes', 'Yes', 'Yes', 'Yes', 'No', 'Yes', 'Yes', 'No', 'No', 'Yes', 'No', 'No', 'Yes', 'Yes', 'Yes', 'Yes', 'Yes', 'Yes', 'Yes', 'No', 'Yes', 'Yes', 'No', 'Yes', 'Yes', 'No', 'Yes', 'Yes', 'Yes', 'Yes', 'No', 'Yes', 'Yes', 'Yes', 'Yes', 'Yes', 'Yes', 'Yes', 'No', 'Yes', 'No', 'Yes', 'Yes', 'Yes', 'No'], 'y_pred': ['Yes', 'No', 'Yes', 'Yes', 'Yes', 'Yes', 'Yes', 'No', 'Yes', 'Yes', 'Yes', 'Yes', 'Yes', 'Yes', 'Yes', 'Yes', 'Yes', 'Yes', 'No', 'Yes', 'Yes', 'Yes', 'No', 'Yes', 'Yes', 'Yes', 'Yes', 'Yes', 'Yes', 'Yes', 'Yes', 'Yes', 'Yes', 'Yes', 'Yes', 'Yes', 'No', 'Yes', 'Yes', 'No', 'Yes', 'Yes', 'Yes', 'Yes', 'Yes', 'Yes', 'Yes', 'Yes', 'Yes', 'Yes', 'Yes', 'Yes', 'Yes', 'Yes', 'Yes', 'Yes', 'Yes', 'Yes', 'No'], 'y_pred_prob': [0.77, 0.5, 0.85, 0.99, 0.96, 0.98, 0.91, 0.48, 0.64, 1.0, 0.98, 0.95, 0.96, 0.95, 0.97, 0.99, 0.93, 1.0, 0.23, 0.72, 0.98, 0.54, 0.5, 0.59, 0.58, 0.54, 0.55, 0.97, 0.98, 0.95, 0.94, 0.98, 0.87, 0.66, 0.95, 0.96, 0.24, 0.98, 1.0, 0.19, 0.89, 0.94, 0.91, 0.94, 0.99, 0.93, 0.99, 0.62, 0.96, 1.0, 1.0, 1.0, 0.68, 1.0, 0.66, 0.91, 0.97, 1.0, 0.46]}
SVM
{'mean_accuracy': 0.746969696969697, 'mean_auc': 0.85, 'y_true': ['No', 'No', 'No', 'Yes', 'Yes', 'Yes', 'Yes', 'Yes', 'No', 'Yes', 'Yes', 'Yes', 'No', 'Yes', 'Yes', 'Yes', 'Yes', 'Yes', 'No', 'Yes', 'Yes', 'No', 'No', 'Yes', 'No', 'No', 'Yes', 'Yes', 'Yes', 'Yes', 'Yes', 'Yes', 'Yes', 'No', 'Yes', 'Yes', 'No', 'Yes', 'Yes', 'No', 'Yes', 'Yes', 'Yes', 'Yes', 'No', 'Yes', 'Yes', 'Yes', 'Yes', 'Yes', 'Yes', 'Yes', 'No', 'Yes', 'No', 'Yes', 'Yes', 'Yes', 'No'], 'y_pred': ['Yes', 'Yes', 'Yes', 'Yes', 'Yes', 'Yes', 'Yes', 'Yes', 'Yes', 'Yes', 'Yes', 'Yes', 'Yes', 'Yes', 'Yes', 'Yes', 'Yes', 'Yes', 'No', 'No', 'Yes', 'Yes', 'No', 'No', 'No', 'No', 'Yes', 'Yes', 'Yes', 'Yes', 'Yes', 'Yes', 'No', 'No', 'No', 'Yes', 'No', 'Yes', 'Yes', 'No', 'Yes', 'Yes', 'Yes', 'No', 'Yes', 'Yes', 'Yes', 'No', 'Yes', 'Yes', 'Yes', 'Yes', 'Yes', 'Yes', 'Yes', 'Yes', 'Yes', 'Yes', 'No'], 'y_pred_prob': [0.5092169307792195, 0.6210576446537301, 0.5171072123455642, 0.844217133419973, 0.9283800461852867, 0.9423389203759135, 0.8470889424165805, 0.9466471243927967, 0.6776748394345968, 0.9224398907413602, 0.8478352912962236, 0.9078334535199216, 0.8502330187093575, 0.9842767769469899, 0.9907725769457667, 0.986710147720139, 0.8991854269208599, 0.9909715670087027, 0.14279371941161256, 0.5425346150548854, 0.989291063858758, 0.8957353660116838, 0.16389224409046185, 0.1987039746258802, 0.4134294049104123, 0.3871716411452279, 0.6107406571902599, 0.9350290145446954, 0.9381597146641653, 0.9496671539498704, 0.8852311494556759, 0.954297118070592, 0.4655067020209806, 0.36470345606720694, 0.30313969096348725, 0.9630794321427281, 0.4035647541760881, 0.9853402935672593, 0.9856360144086792, 0.09769734475728258, 0.7350075000009793, 0.9011619734747368, 0.7823084873007032, 0.6606778460154312, 0.9268584047669396, 0.9455335093657362, 0.899936893205568, 0.5130416139961869, 0.9835419931266043, 0.9801721102873612, 0.9769330441489326, 0.8790600397457087, 0.9042412426867078, 0.9320809785167663, 0.9722103149243299, 0.8585416751005973, 0.8001537673304465, 0.9845930107779605, 0.41989612184188885]}
             RF_Accuracy   RF_AUC  ...  NB_Accuracy    NB_AUC
AllFeatures      0.79697  0.87963  ...     0.828788  0.797222

[1 rows x 8 columns]
                      Accuracy  Precision    Recall  Specification       Mcc
AllFeatures_RF        0.796610   0.857143  0.352941       0.976190  0.460965
AllFeatures_SVM       0.745763   0.571429  0.470588       0.857143  0.348896
AllFeatures_CatBoost  0.796610   0.857143  0.352941       0.976190  0.460965
AllFeatures_NB        0.830508   0.705882  0.705882       0.880952  0.586835
