2025-04-14 00:39:13.199592: I tensorflow/core/util/port.cc:153] oneDNN custom operations are on. You may see slightly different numerical results due to floating-point round-off errors from different computation orders. To turn them off, set the environment variable `TF_ENABLE_ONEDNN_OPTS=0`.
2025-04-14 00:39:13.202187: I external/local_xla/xla/tsl/cuda/cudart_stub.cc:32] Could not find cuda drivers on your machine, GPU will not be used.
2025-04-14 00:39:13.205953: I external/local_xla/xla/tsl/cuda/cudart_stub.cc:32] Could not find cuda drivers on your machine, GPU will not be used.
2025-04-14 00:39:13.215898: E external/local_xla/xla/stream_executor/cuda/cuda_fft.cc:477] Unable to register cuFFT factory: Attempting to register factory for plugin cuFFT when one has already been registered
WARNING: All log messages before absl::InitializeLog() is called are written to STDERR
E0000 00:00:1744605553.230246  385372 cuda_dnn.cc:8310] Unable to register cuDNN factory: Attempting to register factory for plugin cuDNN when one has already been registered
E0000 00:00:1744605553.234722  385372 cuda_blas.cc:1418] Unable to register cuBLAS factory: Attempting to register factory for plugin cuBLAS when one has already been registered
2025-04-14 00:39:13.250789: I tensorflow/core/platform/cpu_feature_guard.cc:210] This TensorFlow binary is optimized to use available CPU instructions in performance-critical operations.
To enable the following instructions: AVX2 AVX512F AVX512_VNNI FMA, in other operations, rebuild TensorFlow with the appropriate compiler flags.
Analysis of Burn label-------------------------------------------------------
Best alpha: 0.1
Best alpha: 0.05
The shape of the original dataset is  (59, 1768)
The shape of the SelectMicro dataset is  (59, 56)
The shape of the Lasso_finetune selected dataset is  (59, 14)
The shape of the FS_Lasso_finetune selected dataset is  (59, 15)
5 fold cross validation using Random forest model -----------------------------------------
Analysis for AllFeatures
The combined confusion matrix
[[ 4 13]
 [ 0 42]]
Mean Accuracy: 0.780 (0.065),Mean F1: 0.867 (0.036),Mean MCC: nan (nan),  Mean AUC: 0.923 (0.067)
Saved ROC curve to: /lustre/isaac24/scratch/mhe8/SelectMicro_24/Analysis/Soil_smoky/results/RF_AllFeatures_ROC_class1.png
Saved SHAP to: /lustre/isaac24/scratch/mhe8/SelectMicro_24/Analysis/Soil_smoky/results/RF_AllFeatures_SHAP_class1.png
Analysis for SelectMicro
The combined confusion matrix
[[11  6]
 [ 0 42]]
Mean Accuracy: 0.897 (0.039),Mean F1: 0.933 (0.022),Mean MCC: 0.740 (0.113),  Mean AUC: 0.978 (0.030)
Saved ROC curve to: /lustre/isaac24/scratch/mhe8/SelectMicro_24/Analysis/Soil_smoky/results/RF_SelectMicro_ROC_class1.png
Saved SHAP to: /lustre/isaac24/scratch/mhe8/SelectMicro_24/Analysis/Soil_smoky/results/RF_SelectMicro_SHAP_class1.png
Analysis for Lasso_finetune
The combined confusion matrix
[[12  5]
 [ 0 42]]
Mean Accuracy: 0.914 (0.058),Mean F1: 0.944 (0.035),Mean MCC: 0.785 (0.155),  Mean AUC: 1.000 (0.000)
Saved ROC curve to: /lustre/isaac24/scratch/mhe8/SelectMicro_24/Analysis/Soil_smoky/results/RF_Lasso_finetune_ROC_class1.png
Saved SHAP to: /lustre/isaac24/scratch/mhe8/SelectMicro_24/Analysis/Soil_smoky/results/RF_Lasso_finetune_SHAP_class1.png
Analysis for FS_Lassofinetune
The combined confusion matrix
[[13  4]
 [ 0 42]]
Mean Accuracy: 0.930 (0.067),Mean F1: 0.955 (0.042),Mean MCC: 0.821 (0.178),  Mean AUC: 1.000 (0.000)
Saved ROC curve to: /lustre/isaac24/scratch/mhe8/SelectMicro_24/Analysis/Soil_smoky/results/RF_FS_Lassofinetune_ROC_class1.png
Saved SHAP to: /lustre/isaac24/scratch/mhe8/SelectMicro_24/Analysis/Soil_smoky/results/RF_FS_Lassofinetune_SHAP_class1.png
Analysis of Urban label-------------------------------------------------------
Best alpha: 0.1
Best alpha: 0.05
The shape of the original dataset is  (59, 1768)
The shape of the SelectMicro dataset is  (59, 29)
The shape of the Lasso_finetune selected dataset is  (59, 11)
The shape of the FS_Lasso_finetune selected dataset is  (59, 14)
5 fold cross validation using Random forest model -----------------------------------------
Analysis for AllFeatures
The combined confusion matrix
[[ 6 20]
 [ 6 27]]
Mean Accuracy: 0.556 (0.146),Mean F1: 0.666 (0.128),Mean MCC: 0.073 (0.374),  Mean AUC: 0.703 (0.142)
Saved ROC curve to: /lustre/isaac24/scratch/mhe8/SelectMicro_24/Analysis/Soil_smoky/results/RF_AllFeatures_ROC_class1.png
Saved SHAP to: /lustre/isaac24/scratch/mhe8/SelectMicro_24/Analysis/Soil_smoky/results/RF_AllFeatures_SHAP_class1.png
Analysis for SelectMicro
The combined confusion matrix
[[13 13]
 [ 9 24]]
Mean Accuracy: 0.627 (0.083),Mean F1: 0.671 (0.095),Mean MCC: 0.219 (0.271),  Mean AUC: 0.658 (0.102)
Saved ROC curve to: /lustre/isaac24/scratch/mhe8/SelectMicro_24/Analysis/Soil_smoky/results/RF_SelectMicro_ROC_class1.png
Saved SHAP to: /lustre/isaac24/scratch/mhe8/SelectMicro_24/Analysis/Soil_smoky/results/RF_SelectMicro_SHAP_class1.png
Analysis for Lasso_finetune
The combined confusion matrix
[[12 14]
 [ 3 30]]
Mean Accuracy: 0.712 (0.084),Mean F1: 0.777 (0.059),Mean MCC: 0.432 (0.209),  Mean AUC: 0.762 (0.159)
Saved ROC curve to: /lustre/isaac24/scratch/mhe8/SelectMicro_24/Analysis/Soil_smoky/results/RF_Lasso_finetune_ROC_class1.png
Saved SHAP to: /lustre/isaac24/scratch/mhe8/SelectMicro_24/Analysis/Soil_smoky/results/RF_Lasso_finetune_SHAP_class1.png
Analysis for FS_Lassofinetune
The combined confusion matrix
[[14 12]
 [ 3 30]]
Mean Accuracy: 0.748 (0.116),Mean F1: 0.807 (0.074),Mean MCC: 0.491 (0.263),  Mean AUC: 0.762 (0.183)
Saved ROC curve to: /lustre/isaac24/scratch/mhe8/SelectMicro_24/Analysis/Soil_smoky/results/RF_FS_Lassofinetune_ROC_class1.png
Saved SHAP to: /lustre/isaac24/scratch/mhe8/SelectMicro_24/Analysis/Soil_smoky/results/RF_FS_Lassofinetune_SHAP_class1.png
Analysis of Duration label-------------------------------------------------------
Best alpha: 0.1
Best alpha: 0.05
The shape of the original dataset is  (59, 1768)
The shape of the SelectMicro dataset is  (59, 19)
The shape of the Lasso_finetune selected dataset is  (59, 7)
The shape of the FS_Lasso_finetune selected dataset is  (59, 12)
5 fold cross validation using Random forest model -----------------------------------------
Analysis for AllFeatures
The combined confusion matrix
[[ 2 20]
 [ 4 33]]
Mean Accuracy: 0.591 (0.108),Mean F1: 0.730 (0.077),Mean MCC: nan (nan),  Mean AUC: 0.458 (0.163)
Saved ROC curve to: /lustre/isaac24/scratch/mhe8/SelectMicro_24/Analysis/Soil_smoky/results/RF_AllFeatures_ROC_class1.png
Saved SHAP to: /lustre/isaac24/scratch/mhe8/SelectMicro_24/Analysis/Soil_smoky/results/RF_AllFeatures_SHAP_class1.png
Analysis for SelectMicro
The combined confusion matrix
[[11 11]
 [ 3 34]]
Mean Accuracy: 0.761 (0.128),Mean F1: 0.833 (0.077),Mean MCC: 0.409 (0.389),  Mean AUC: 0.816 (0.175)
Saved ROC curve to: /lustre/isaac24/scratch/mhe8/SelectMicro_24/Analysis/Soil_smoky/results/RF_SelectMicro_ROC_class1.png
Saved SHAP to: /lustre/isaac24/scratch/mhe8/SelectMicro_24/Analysis/Soil_smoky/results/RF_SelectMicro_SHAP_class1.png
Analysis for Lasso_finetune
The combined confusion matrix
[[12 10]
 [ 3 34]]
Mean Accuracy: 0.780 (0.099),Mean F1: 0.841 (0.068),Mean MCC: 0.505 (0.246),  Mean AUC: 0.813 (0.121)
Saved ROC curve to: /lustre/isaac24/scratch/mhe8/SelectMicro_24/Analysis/Soil_smoky/results/RF_Lasso_finetune_ROC_class1.png
Saved SHAP to: /lustre/isaac24/scratch/mhe8/SelectMicro_24/Analysis/Soil_smoky/results/RF_Lasso_finetune_SHAP_class1.png
Analysis for FS_Lassofinetune
The combined confusion matrix
[[12 10]
 [ 3 34]]
Mean Accuracy: 0.780 (0.099),Mean F1: 0.840 (0.069),Mean MCC: 0.512 (0.247),  Mean AUC: 0.861 (0.122)
Saved ROC curve to: /lustre/isaac24/scratch/mhe8/SelectMicro_24/Analysis/Soil_smoky/results/RF_FS_Lassofinetune_ROC_class1.png
Saved SHAP to: /lustre/isaac24/scratch/mhe8/SelectMicro_24/Analysis/Soil_smoky/results/RF_FS_Lassofinetune_SHAP_class1.png
