2025-04-11 12:22:36.372589: I tensorflow/core/util/port.cc:153] oneDNN custom operations are on. You may see slightly different numerical results due to floating-point round-off errors from different computation orders. To turn them off, set the environment variable `TF_ENABLE_ONEDNN_OPTS=0`.
2025-04-11 12:22:36.375141: I external/local_xla/xla/tsl/cuda/cudart_stub.cc:32] Could not find cuda drivers on your machine, GPU will not be used.
2025-04-11 12:22:36.378723: I external/local_xla/xla/tsl/cuda/cudart_stub.cc:32] Could not find cuda drivers on your machine, GPU will not be used.
2025-04-11 12:22:36.387907: E external/local_xla/xla/stream_executor/cuda/cuda_fft.cc:477] Unable to register cuFFT factory: Attempting to register factory for plugin cuFFT when one has already been registered
WARNING: All log messages before absl::InitializeLog() is called are written to STDERR
E0000 00:00:1744388556.402662 3619573 cuda_dnn.cc:8310] Unable to register cuDNN factory: Attempting to register factory for plugin cuDNN when one has already been registered
E0000 00:00:1744388556.407126 3619573 cuda_blas.cc:1418] Unable to register cuBLAS factory: Attempting to register factory for plugin cuBLAS when one has already been registered
2025-04-11 12:22:36.423240: I tensorflow/core/platform/cpu_feature_guard.cc:210] This TensorFlow binary is optimized to use available CPU instructions in performance-critical operations.
To enable the following instructions: AVX2 AVX512F AVX512_VNNI FMA, in other operations, rebuild TensorFlow with the appropriate compiler flags.
disease
CRC        91
healthy    66
adenoma    42
Name: count, dtype: int64
Best alpha: 0.1
Best alpha: 0.05
Class mapping for gender:
female → 0
male → 1
Class mapping for country:
DEU → 0
FRA → 1
The shape of the original dataset is  (199, 604)
The shape of the SelectMicro dataset is  (199, 25)
the shape of the FS_env is (199, 28)
The shape of the Lasso_finetune selected dataset is  (199, 24)
The shape of the Lasso_finetune_env selected dataset is  (199, 27)
The shape of the FS_Lasso_finetune selected dataset is  (199, 20)
5 fold cross validation using Random forest model -----------------------------------------
Analysis for AllFeatures
The combined confusion matrix
[[32  8 26]
 [19  8 15]
 [14 13 64]]
Mean Accuracy: 0.522 (0.030),Mean F1: 0.499 (0.035),Mean MCC: 0.203 (0.061),  Mean AUC: 0.640 (0.098)
Saved ROC curve to: /lustre/isaac24/scratch/mhe8/SelectMicro_24/Analysis/Zeller/result_species/AllFeatures_RF_ROC_class1.png
Saved SHAP to: /lustre/isaac24/scratch/mhe8/SelectMicro_24/Analysis/Zeller/result_species/AllFeatures_RF_SHAP_class1.png
Saved ROC curve to: /lustre/isaac24/scratch/mhe8/SelectMicro_24/Analysis/Zeller/result_species/AllFeatures_RF_ROC_class2.png
Saved SHAP to: /lustre/isaac24/scratch/mhe8/SelectMicro_24/Analysis/Zeller/result_species/AllFeatures_RF_SHAP_class2.png
Analysis for SelectMicro
The combined confusion matrix
[[39  9 18]
 [16  8 18]
 [23 15 53]]
Mean Accuracy: 0.502 (0.052),Mean F1: 0.491 (0.052),Mean MCC: 0.189 (0.099),  Mean AUC: 0.652 (0.082)
Saved ROC curve to: /lustre/isaac24/scratch/mhe8/SelectMicro_24/Analysis/Zeller/result_species/SelectMicro_RF_ROC_class1.png
Saved SHAP to: /lustre/isaac24/scratch/mhe8/SelectMicro_24/Analysis/Zeller/result_species/SelectMicro_RF_SHAP_class1.png
Saved ROC curve to: /lustre/isaac24/scratch/mhe8/SelectMicro_24/Analysis/Zeller/result_species/SelectMicro_RF_ROC_class2.png
Saved SHAP to: /lustre/isaac24/scratch/mhe8/SelectMicro_24/Analysis/Zeller/result_species/SelectMicro_RF_SHAP_class2.png
Analysis for SelectMicro_env
The combined confusion matrix
[[41 17  8]
 [16 14 12]
 [16  6 69]]
Mean Accuracy: 0.622 (0.079),Mean F1: 0.617 (0.080),Mean MCC: 0.373 (0.132),  Mean AUC: 0.751 (0.070)
Saved ROC curve to: /lustre/isaac24/scratch/mhe8/SelectMicro_24/Analysis/Zeller/result_species/SelectMicro_env_RF_ROC_class1.png
Saved SHAP to: /lustre/isaac24/scratch/mhe8/SelectMicro_24/Analysis/Zeller/result_species/SelectMicro_env_RF_SHAP_class1.png
Saved ROC curve to: /lustre/isaac24/scratch/mhe8/SelectMicro_24/Analysis/Zeller/result_species/SelectMicro_env_RF_ROC_class2.png
Saved SHAP to: /lustre/isaac24/scratch/mhe8/SelectMicro_24/Analysis/Zeller/result_species/SelectMicro_env_RF_SHAP_class2.png
Analysis for Lasso_finetune
The combined confusion matrix
[[30 19 17]
 [18  5 19]
 [15 18 58]]
Mean Accuracy: 0.467 (0.048),Mean F1: 0.463 (0.052),Mean MCC: 0.130 (0.079),  Mean AUC: 0.654 (0.075)
Saved ROC curve to: /lustre/isaac24/scratch/mhe8/SelectMicro_24/Analysis/Zeller/result_species/Lasso_finetune_RF_ROC_class1.png
Saved SHAP to: /lustre/isaac24/scratch/mhe8/SelectMicro_24/Analysis/Zeller/result_species/Lasso_finetune_RF_SHAP_class1.png
Saved ROC curve to: /lustre/isaac24/scratch/mhe8/SelectMicro_24/Analysis/Zeller/result_species/Lasso_finetune_RF_ROC_class2.png
Saved SHAP to: /lustre/isaac24/scratch/mhe8/SelectMicro_24/Analysis/Zeller/result_species/Lasso_finetune_RF_SHAP_class2.png
Analysis for Lasso_finetune_env
The combined confusion matrix
[[34 19 13]
 [15 14 13]
 [12 12 67]]
Mean Accuracy: 0.578 (0.072),Mean F1: 0.572 (0.076),Mean MCC: 0.312 (0.123),  Mean AUC: 0.738 (0.060)
Saved ROC curve to: /lustre/isaac24/scratch/mhe8/SelectMicro_24/Analysis/Zeller/result_species/Lasso_finetune_env_RF_ROC_class1.png
Saved SHAP to: /lustre/isaac24/scratch/mhe8/SelectMicro_24/Analysis/Zeller/result_species/Lasso_finetune_env_RF_SHAP_class1.png
Saved ROC curve to: /lustre/isaac24/scratch/mhe8/SelectMicro_24/Analysis/Zeller/result_species/Lasso_finetune_env_RF_ROC_class2.png
Saved SHAP to: /lustre/isaac24/scratch/mhe8/SelectMicro_24/Analysis/Zeller/result_species/Lasso_finetune_env_RF_SHAP_class2.png
Analysis for FS_Lassofinetune
The combined confusion matrix
[[36 11 19]
 [15  9 18]
 [19 15 57]]
Mean Accuracy: 0.512 (0.100),Mean F1: 0.506 (0.101),Mean MCC: 0.210 (0.171),  Mean AUC: 0.644 (0.085)
Saved ROC curve to: /lustre/isaac24/scratch/mhe8/SelectMicro_24/Analysis/Zeller/result_species/FS_Lassofinetune_RF_ROC_class1.png
Saved SHAP to: /lustre/isaac24/scratch/mhe8/SelectMicro_24/Analysis/Zeller/result_species/FS_Lassofinetune_RF_SHAP_class1.png
Saved ROC curve to: /lustre/isaac24/scratch/mhe8/SelectMicro_24/Analysis/Zeller/result_species/FS_Lassofinetune_RF_ROC_class2.png
Saved SHAP to: /lustre/isaac24/scratch/mhe8/SelectMicro_24/Analysis/Zeller/result_species/FS_Lassofinetune_RF_SHAP_class2.png
5 fold cross validation using XG model -----------------------------------------
Analysis for AllFeatures
The combined confusion matrix
[[31  7 28]
 [16 10 16]
 [20 12 59]]
Mean Accuracy: 0.502 (0.071),Mean F1: 0.482 (0.084),Mean MCC: 0.181 (0.148),  Mean AUC: 0.629 (0.081)
Saved ROC curve to: /lustre/isaac24/scratch/mhe8/SelectMicro_24/Analysis/Zeller/result_species/AllFeatures_XG_ROC_class1.png
Saved SHAP to: /lustre/isaac24/scratch/mhe8/SelectMicro_24/Analysis/Zeller/result_species/AllFeatures_XG_SHAP_class1.png
Saved ROC curve to: /lustre/isaac24/scratch/mhe8/SelectMicro_24/Analysis/Zeller/result_species/AllFeatures_XG_ROC_class2.png
Saved SHAP to: /lustre/isaac24/scratch/mhe8/SelectMicro_24/Analysis/Zeller/result_species/AllFeatures_XG_SHAP_class2.png
Analysis for SelectMicro
The combined confusion matrix
[[38 11 17]
 [16  8 18]
 [20 15 56]]
Mean Accuracy: 0.512 (0.030),Mean F1: 0.503 (0.032),Mean MCC: 0.205 (0.056),  Mean AUC: 0.621 (0.061)
Saved ROC curve to: /lustre/isaac24/scratch/mhe8/SelectMicro_24/Analysis/Zeller/result_species/SelectMicro_XG_ROC_class1.png
Saved SHAP to: /lustre/isaac24/scratch/mhe8/SelectMicro_24/Analysis/Zeller/result_species/SelectMicro_XG_SHAP_class1.png
Saved ROC curve to: /lustre/isaac24/scratch/mhe8/SelectMicro_24/Analysis/Zeller/result_species/SelectMicro_XG_ROC_class2.png
Saved SHAP to: /lustre/isaac24/scratch/mhe8/SelectMicro_24/Analysis/Zeller/result_species/SelectMicro_XG_SHAP_class2.png
Analysis for SelectMicro_env
The combined confusion matrix
[[35 17 14]
 [18 14 10]
 [16 10 65]]
Mean Accuracy: 0.572 (0.092),Mean F1: 0.569 (0.095),Mean MCC: 0.307 (0.160),  Mean AUC: 0.741 (0.087)
Saved ROC curve to: /lustre/isaac24/scratch/mhe8/SelectMicro_24/Analysis/Zeller/result_species/SelectMicro_env_XG_ROC_class1.png
Saved SHAP to: /lustre/isaac24/scratch/mhe8/SelectMicro_24/Analysis/Zeller/result_species/SelectMicro_env_XG_SHAP_class1.png
Saved ROC curve to: /lustre/isaac24/scratch/mhe8/SelectMicro_24/Analysis/Zeller/result_species/SelectMicro_env_XG_ROC_class2.png
Saved SHAP to: /lustre/isaac24/scratch/mhe8/SelectMicro_24/Analysis/Zeller/result_species/SelectMicro_env_XG_SHAP_class2.png
Analysis for Lasso_finetune
The combined confusion matrix
[[35 19 12]
 [17  6 19]
 [15 20 56]]
Mean Accuracy: 0.487 (0.049),Mean F1: 0.490 (0.039),Mean MCC: 0.177 (0.066),  Mean AUC: 0.657 (0.052)
Saved ROC curve to: /lustre/isaac24/scratch/mhe8/SelectMicro_24/Analysis/Zeller/result_species/Lasso_finetune_XG_ROC_class1.png
Saved SHAP to: /lustre/isaac24/scratch/mhe8/SelectMicro_24/Analysis/Zeller/result_species/Lasso_finetune_XG_SHAP_class1.png
Saved ROC curve to: /lustre/isaac24/scratch/mhe8/SelectMicro_24/Analysis/Zeller/result_species/Lasso_finetune_XG_ROC_class2.png
Saved SHAP to: /lustre/isaac24/scratch/mhe8/SelectMicro_24/Analysis/Zeller/result_species/Lasso_finetune_XG_SHAP_class2.png
Analysis for Lasso_finetune_env
The combined confusion matrix
[[35 18 13]
 [16 14 12]
 [15 12 64]]
Mean Accuracy: 0.567 (0.089),Mean F1: 0.561 (0.098),Mean MCC: 0.300 (0.164),  Mean AUC: 0.733 (0.073)
Saved ROC curve to: /lustre/isaac24/scratch/mhe8/SelectMicro_24/Analysis/Zeller/result_species/Lasso_finetune_env_XG_ROC_class1.png
Saved SHAP to: /lustre/isaac24/scratch/mhe8/SelectMicro_24/Analysis/Zeller/result_species/Lasso_finetune_env_XG_SHAP_class1.png
Saved ROC curve to: /lustre/isaac24/scratch/mhe8/SelectMicro_24/Analysis/Zeller/result_species/Lasso_finetune_env_XG_ROC_class2.png
Saved SHAP to: /lustre/isaac24/scratch/mhe8/SelectMicro_24/Analysis/Zeller/result_species/Lasso_finetune_env_XG_SHAP_class2.png
Analysis for FS_Lassofinetune
The combined confusion matrix
[[35 11 20]
 [17  8 17]
 [19 19 53]]
Mean Accuracy: 0.482 (0.064),Mean F1: 0.478 (0.063),Mean MCC: 0.168 (0.102),  Mean AUC: 0.621 (0.071)
Saved ROC curve to: /lustre/isaac24/scratch/mhe8/SelectMicro_24/Analysis/Zeller/result_species/FS_Lassofinetune_XG_ROC_class1.png
Saved SHAP to: /lustre/isaac24/scratch/mhe8/SelectMicro_24/Analysis/Zeller/result_species/FS_Lassofinetune_XG_SHAP_class1.png
Saved ROC curve to: /lustre/isaac24/scratch/mhe8/SelectMicro_24/Analysis/Zeller/result_species/FS_Lassofinetune_XG_ROC_class2.png
Saved SHAP to: /lustre/isaac24/scratch/mhe8/SelectMicro_24/Analysis/Zeller/result_species/FS_Lassofinetune_XG_SHAP_class2.png
