Analysis for OTU
             RF_Accuracy    RF_AUC  SVM_Accuracy   SVM_AUC
AllFeatures     0.785000  0.871429      0.576667  0.178968
SelectMicro     0.848333  0.929365      0.576667  0.153571
Lasso           0.886667  0.952381      0.692500  0.096825
Random          0.773250  0.852282      0.584694  0.239259
Analysis for class
             RF_Accuracy    RF_AUC  SVM_Accuracy   SVM_AUC
AllFeatures     0.772500  0.855159      0.655000  0.188889
SelectMicro     0.823333  0.892460      0.680000  0.182143
Lasso           0.846667  0.923016      0.680833  0.085317
Random          0.794806  0.862136      0.637917  0.220536
Analysis for order
             RF_Accuracy    RF_AUC  SVM_Accuracy   SVM_AUC
AllFeatures     0.797500  0.830556      0.693333  0.189286
SelectMicro     0.758333  0.827778      0.680000  0.152778
Lasso           0.795833  0.908333      0.642500  0.096032
Random          0.761611  0.824835      0.642194  0.224134
Analysis for phylum
             RF_Accuracy    RF_AUC  SVM_Accuracy   SVM_AUC
AllFeatures     0.796667  0.866667      0.694167  0.271429
SelectMicro     0.784167  0.848611      0.680833  0.272024
Lasso           0.796667  0.866667      0.706667  0.270635
Random          0.771833  0.827566      0.644583  0.253049
